{"level":"info","message":"Worker 1 online","label":"es/master.js","timestamp":"2017-10-27T19:19:03.103Z"}
{"level":"info","message":"Worker 2 online","label":"es/master.js","timestamp":"2017-10-27T19:19:03.123Z"}
{"level":"info","message":"Worker 3 online","label":"es/master.js","timestamp":"2017-10-27T19:19:03.152Z"}
{"level":"info","message":"Worker 4 online","label":"es/master.js","timestamp":"2017-10-27T19:19:03.159Z"}
{"level":"error","message":"Worker 1 died","label":"es/master.js","timestamp":"2017-10-27T19:19:03.715Z"}
{"level":"error","message":"Worker 3 died","label":"es/master.js","timestamp":"2017-10-27T19:19:03.722Z"}
{"level":"error","message":"Worker 4 died","label":"es/master.js","timestamp":"2017-10-27T19:19:03.728Z"}
{"level":"error","message":"Worker 2 died","label":"es/master.js","timestamp":"2017-10-27T19:19:03.766Z"}
{"level":"info","message":"Worker 7 online","label":"es/master.js","timestamp":"2017-10-27T19:19:03.977Z"}
{"level":"info","message":"Worker 6 online","label":"es/master.js","timestamp":"2017-10-27T19:19:03.981Z"}
{"level":"info","message":"Worker 5 online","label":"es/master.js","timestamp":"2017-10-27T19:19:03.981Z"}
{"level":"info","message":"Worker 8 online","label":"es/master.js","timestamp":"2017-10-27T19:19:04.012Z"}
{"level":"error","message":"Worker 6 died","label":"es/master.js","timestamp":"2017-10-27T19:19:04.392Z"}
{"level":"error","message":"Worker 5 died","label":"es/master.js","timestamp":"2017-10-27T19:19:04.395Z"}
{"level":"error","message":"Worker 7 died","label":"es/master.js","timestamp":"2017-10-27T19:19:04.399Z"}
{"level":"error","message":"Worker 8 died","label":"es/master.js","timestamp":"2017-10-27T19:19:04.426Z"}
{"level":"info","message":"Worker 9 online","label":"es/master.js","timestamp":"2017-10-27T19:19:04.621Z"}
{"level":"info","message":"Worker 10 online","label":"es/master.js","timestamp":"2017-10-27T19:19:04.633Z"}
{"level":"info","message":"Worker 11 online","label":"es/master.js","timestamp":"2017-10-27T19:19:04.640Z"}
{"level":"info","message":"Worker 12 online","label":"es/master.js","timestamp":"2017-10-27T19:19:04.681Z"}
{"level":"error","message":"Worker 11 died","label":"es/master.js","timestamp":"2017-10-27T19:19:04.967Z"}
{"level":"error","message":"Worker 10 died","label":"es/master.js","timestamp":"2017-10-27T19:19:04.973Z"}
{"level":"error","message":"Worker 9 died","label":"es/master.js","timestamp":"2017-10-27T19:19:05.020Z"}
{"level":"error","message":"Worker 12 died","label":"es/master.js","timestamp":"2017-10-27T19:19:05.105Z"}
{"level":"info","message":"Worker 13 online","label":"es/master.js","timestamp":"2017-10-27T19:19:05.275Z"}
{"level":"info","message":"Worker 14 online","label":"es/master.js","timestamp":"2017-10-27T19:19:05.281Z"}
{"level":"info","message":"Worker 15 online","label":"es/master.js","timestamp":"2017-10-27T19:19:05.294Z"}
{"level":"info","message":"Worker 16 online","label":"es/master.js","timestamp":"2017-10-27T19:19:05.341Z"}
{"level":"error","message":"Worker 13 died","label":"es/master.js","timestamp":"2017-10-27T19:19:05.643Z"}
{"level":"error","message":"Worker 14 died","label":"es/master.js","timestamp":"2017-10-27T19:19:05.647Z"}
{"level":"error","message":"Worker 15 died","label":"es/master.js","timestamp":"2017-10-27T19:19:05.667Z"}
{"level":"error","message":"Worker 16 died","label":"es/master.js","timestamp":"2017-10-27T19:19:05.724Z"}
{"level":"info","message":"Worker 17 online","label":"es/master.js","timestamp":"2017-10-27T19:19:05.879Z"}
{"level":"info","message":"Worker 18 online","label":"es/master.js","timestamp":"2017-10-27T19:19:05.887Z"}
{"level":"info","message":"Worker 19 online","label":"es/master.js","timestamp":"2017-10-27T19:19:05.899Z"}
{"level":"info","message":"Worker 20 online","label":"es/master.js","timestamp":"2017-10-27T19:19:05.928Z"}
{"level":"error","message":"Worker 17 died","label":"es/master.js","timestamp":"2017-10-27T19:19:06.274Z"}
{"level":"error","message":"Worker 18 died","label":"es/master.js","timestamp":"2017-10-27T19:19:06.282Z"}
{"level":"error","message":"Worker 19 died","label":"es/master.js","timestamp":"2017-10-27T19:19:06.289Z"}
{"level":"error","message":"Worker 20 died","label":"es/master.js","timestamp":"2017-10-27T19:19:06.301Z"}
{"level":"info","message":"Worker 2 online","label":"es/master.js","timestamp":"2017-10-27T19:21:33.713Z"}
{"level":"info","message":"Worker 1 online","label":"es/master.js","timestamp":"2017-10-27T19:21:33.719Z"}
{"level":"info","message":"Worker 4 online","label":"es/master.js","timestamp":"2017-10-27T19:21:33.726Z"}
{"level":"info","message":"Worker 3 online","label":"es/master.js","timestamp":"2017-10-27T19:21:33.731Z"}
{"level":"error","message":"Worker 1 died","label":"es/master.js","timestamp":"2017-10-27T19:21:34.398Z"}
{"level":"error","message":"Worker 4 died","label":"es/master.js","timestamp":"2017-10-27T19:21:34.405Z"}
{"level":"error","message":"Worker 3 died","label":"es/master.js","timestamp":"2017-10-27T19:21:34.410Z"}
{"level":"error","message":"Worker 2 died","label":"es/master.js","timestamp":"2017-10-27T19:21:34.597Z"}
{"level":"info","message":"Worker 6 online","label":"es/master.js","timestamp":"2017-10-27T19:21:34.677Z"}
{"level":"info","message":"Worker 7 online","label":"es/master.js","timestamp":"2017-10-27T19:21:34.683Z"}
{"level":"info","message":"Worker 5 online","label":"es/master.js","timestamp":"2017-10-27T19:21:34.687Z"}
{"level":"info","message":"Worker 8 online","label":"es/master.js","timestamp":"2017-10-27T19:21:34.827Z"}
{"level":"error","message":"Worker 5 died","label":"es/master.js","timestamp":"2017-10-27T19:21:35.328Z"}
{"level":"error","message":"Worker 7 died","label":"es/master.js","timestamp":"2017-10-27T19:21:35.332Z"}
{"level":"error","message":"Worker 6 died","label":"es/master.js","timestamp":"2017-10-27T19:21:35.336Z"}
{"level":"error","message":"Worker 8 died","label":"es/master.js","timestamp":"2017-10-27T19:21:35.487Z"}
{"level":"info","message":"Worker 9 online","label":"es/master.js","timestamp":"2017-10-27T19:21:35.553Z"}
{"level":"info","message":"Worker 10 online","label":"es/master.js","timestamp":"2017-10-27T19:21:35.555Z"}
{"level":"info","message":"Worker 11 online","label":"es/master.js","timestamp":"2017-10-27T19:21:35.567Z"}
{"level":"info","message":"Worker 12 online","label":"es/master.js","timestamp":"2017-10-27T19:21:35.697Z"}
{"level":"error","message":"Worker 10 died","label":"es/master.js","timestamp":"2017-10-27T19:21:36.211Z"}
{"level":"error","message":"Worker 9 died","label":"es/master.js","timestamp":"2017-10-27T19:21:36.220Z"}
{"level":"info","message":"Worker 1 online","label":"es/master.js","timestamp":"2017-10-27T19:22:37.024Z"}
{"level":"info","message":"Worker 4 online","label":"es/master.js","timestamp":"2017-10-27T19:22:37.042Z"}
{"level":"info","message":"Worker 2 online","label":"es/master.js","timestamp":"2017-10-27T19:22:37.050Z"}
{"level":"info","message":"Worker 3 online","label":"es/master.js","timestamp":"2017-10-27T19:22:37.050Z"}
{"level":"info","message":"Worker 1 online","label":"es/master.js","timestamp":"2017-10-27T19:25:08.242Z"}
{"level":"info","message":"Worker 3 online","label":"es/master.js","timestamp":"2017-10-27T19:25:08.256Z"}
{"level":"info","message":"Worker 2 online","label":"es/master.js","timestamp":"2017-10-27T19:25:08.257Z"}
{"level":"info","message":"Worker 4 online","label":"es/master.js","timestamp":"2017-10-27T19:25:08.269Z"}
{"level":"info","message":"Worker 1 online","label":"es/master.js","timestamp":"2017-10-27T19:25:59.042Z"}
{"level":"info","message":"Worker 2 online","label":"es/master.js","timestamp":"2017-10-27T19:25:59.221Z"}
{"level":"info","message":"Worker 3 online","label":"es/master.js","timestamp":"2017-10-27T19:25:59.222Z"}
{"level":"info","message":"Worker 4 online","label":"es/master.js","timestamp":"2017-10-27T19:26:00.260Z"}
{"level":"info","message":"Worker 3 online","label":"es/master.js","timestamp":"2017-10-27T19:26:20.439Z"}
{"level":"info","message":"Worker 1 online","label":"es/master.js","timestamp":"2017-10-27T19:26:20.490Z"}
{"level":"info","message":"Worker 2 online","label":"es/master.js","timestamp":"2017-10-27T19:26:20.503Z"}
{"level":"info","message":"Worker 4 online","label":"es/master.js","timestamp":"2017-10-27T19:26:20.508Z"}
{"level":"info","message":"Worker 1 online","label":"es/master.js","timestamp":"2017-10-27T19:26:33.090Z"}
{"level":"info","message":"Worker 2 online","label":"es/master.js","timestamp":"2017-10-27T19:26:33.114Z"}
{"level":"info","message":"Worker 3 online","label":"es/master.js","timestamp":"2017-10-27T19:26:33.237Z"}
{"level":"info","message":"Worker 4 online","label":"es/master.js","timestamp":"2017-10-27T19:26:33.239Z"}
{"level":"info","message":"Worker 1 online","label":"es/master.js","timestamp":"2017-10-27T19:27:07.424Z"}
{"level":"info","message":"Worker 2 online","label":"es/master.js","timestamp":"2017-10-27T19:27:07.441Z"}
{"level":"info","message":"Worker 3 online","label":"es/master.js","timestamp":"2017-10-27T19:27:07.446Z"}
{"level":"info","message":"Worker 4 online","label":"es/master.js","timestamp":"2017-10-27T19:27:07.452Z"}
{"level":"info","message":"Worker 2 online","label":"es/master.js","timestamp":"2017-10-27T19:55:34.867Z"}
{"level":"info","message":"Worker 3 online","label":"es/master.js","timestamp":"2017-10-27T19:55:34.872Z"}
{"level":"info","message":"Worker 1 online","label":"es/master.js","timestamp":"2017-10-27T19:55:34.873Z"}
{"level":"info","message":"Worker 4 online","label":"es/master.js","timestamp":"2017-10-27T19:55:34.890Z"}
{"level":"error","message":"Worker 1 died","label":"es/master.js","timestamp":"2017-10-27T19:55:35.318Z"}
{"level":"error","message":"Worker 2 died","label":"es/master.js","timestamp":"2017-10-27T19:55:35.325Z"}
{"level":"error","message":"Worker 3 died","label":"es/master.js","timestamp":"2017-10-27T19:55:35.332Z"}
{"level":"error","message":"Worker 4 died","label":"es/master.js","timestamp":"2017-10-27T19:55:35.491Z"}
{"level":"info","message":"Worker 5 online","label":"es/master.js","timestamp":"2017-10-27T19:55:35.585Z"}
{"level":"info","message":"Worker 6 online","label":"es/master.js","timestamp":"2017-10-27T19:55:35.593Z"}
{"level":"info","message":"Worker 7 online","label":"es/master.js","timestamp":"2017-10-27T19:55:35.605Z"}
{"level":"info","message":"Worker 8 online","label":"es/master.js","timestamp":"2017-10-27T19:55:35.722Z"}
{"level":"error","message":"Worker 6 died","label":"es/master.js","timestamp":"2017-10-27T19:55:35.938Z"}
{"level":"error","message":"Worker 5 died","label":"es/master.js","timestamp":"2017-10-27T19:55:35.944Z"}
{"level":"error","message":"Worker 7 died","label":"es/master.js","timestamp":"2017-10-27T19:55:35.956Z"}
{"level":"info","message":"Worker 10 online","label":"es/master.js","timestamp":"2017-10-27T19:55:36.185Z"}
{"level":"error","message":"Worker 8 died","label":"es/master.js","timestamp":"2017-10-27T19:55:36.186Z"}
{"level":"info","message":"Worker 9 online","label":"es/master.js","timestamp":"2017-10-27T19:55:36.192Z"}
{"level":"info","message":"Worker 11 online","label":"es/master.js","timestamp":"2017-10-27T19:55:36.199Z"}
{"level":"info","message":"Worker 12 online","label":"es/master.js","timestamp":"2017-10-27T19:55:36.401Z"}
{"level":"error","message":"Worker 10 died","label":"es/master.js","timestamp":"2017-10-27T19:55:36.662Z"}
{"level":"error","message":"Worker 11 died","label":"es/master.js","timestamp":"2017-10-27T19:55:36.675Z"}
{"level":"error","message":"Worker 9 died","label":"es/master.js","timestamp":"2017-10-27T19:55:36.682Z"}
{"level":"info","message":"Worker 1 online","label":"es/master.js","timestamp":"2017-10-27T19:56:12.324Z"}
{"level":"info","message":"Worker 2 online","label":"es/master.js","timestamp":"2017-10-27T19:56:12.338Z"}
{"level":"info","message":"Worker 3 online","label":"es/master.js","timestamp":"2017-10-27T19:56:12.339Z"}
{"level":"info","message":"Worker 4 online","label":"es/master.js","timestamp":"2017-10-27T19:56:12.339Z"}
{"level":"info","message":"Worker 2 online","label":"es/master.js","timestamp":"2017-10-27T20:10:50.897Z"}
{"level":"info","message":"Worker 1 online","label":"es/master.js","timestamp":"2017-10-27T20:10:50.904Z"}
{"level":"info","message":"Worker 3 online","label":"es/master.js","timestamp":"2017-10-27T20:10:50.905Z"}
{"level":"info","message":"Worker 4 online","label":"es/master.js","timestamp":"2017-10-27T20:10:50.923Z"}
{"level":"info","message":"Worker 1 online","label":"es/master.js","timestamp":"2017-10-27T20:12:26.593Z"}
{"level":"info","message":"Worker 2 online","label":"es/master.js","timestamp":"2017-10-27T20:12:26.614Z"}
{"level":"info","message":"Worker 4 online","label":"es/master.js","timestamp":"2017-10-27T20:12:26.615Z"}
{"level":"info","message":"Worker 3 online","label":"es/master.js","timestamp":"2017-10-27T20:12:26.626Z"}
{"level":"info","message":"Worker 3 online","label":"es/master.js","timestamp":"2017-10-27T20:25:54.579Z"}
{"level":"info","message":"Worker 4 online","label":"es/master.js","timestamp":"2017-10-27T20:25:54.595Z"}
{"level":"info","message":"Worker 1 online","label":"es/master.js","timestamp":"2017-10-27T20:25:54.595Z"}
{"level":"info","message":"Worker 2 online","label":"es/master.js","timestamp":"2017-10-27T20:25:54.595Z"}
{"level":"info","message":"Worker 2 online","label":"es/master.js","timestamp":"2017-10-28T18:15:41.500Z"}
{"level":"info","message":"Worker 1 online","label":"es/master.js","timestamp":"2017-10-28T18:15:41.505Z"}
{"level":"info","message":"Worker 4 online","label":"es/master.js","timestamp":"2017-10-28T18:15:41.512Z"}
{"level":"info","message":"Worker 3 online","label":"es/master.js","timestamp":"2017-10-28T18:15:41.515Z"}
{"level":"info","message":"Worker 3 online","label":"es/master.js","timestamp":"2017-10-28T18:18:32.624Z"}
{"level":"info","message":"Worker 2 online","label":"es/master.js","timestamp":"2017-10-28T18:18:32.634Z"}
{"level":"info","message":"Worker 1 online","label":"es/master.js","timestamp":"2017-10-28T18:18:32.645Z"}
{"level":"info","message":"Worker 4 online","label":"es/master.js","timestamp":"2017-10-28T18:18:32.649Z"}
{"level":"error","message":"Worker 2 died","label":"es/master.js","timestamp":"2017-10-28T18:18:33.459Z"}
{"level":"error","message":"Worker 1 died","label":"es/master.js","timestamp":"2017-10-28T18:18:33.487Z"}
{"level":"error","message":"Worker 3 died","label":"es/master.js","timestamp":"2017-10-28T18:18:33.540Z"}
{"level":"error","message":"Worker 4 died","label":"es/master.js","timestamp":"2017-10-28T18:18:33.570Z"}
{"level":"info","message":"Worker 5 online","label":"es/master.js","timestamp":"2017-10-28T18:18:33.727Z"}
{"level":"info","message":"Worker 6 online","label":"es/master.js","timestamp":"2017-10-28T18:18:33.731Z"}
{"level":"info","message":"Worker 7 online","label":"es/master.js","timestamp":"2017-10-28T18:18:33.753Z"}
{"level":"info","message":"Worker 8 online","label":"es/master.js","timestamp":"2017-10-28T18:18:33.777Z"}
{"level":"error","message":"Worker 5 died","label":"es/master.js","timestamp":"2017-10-28T18:18:34.451Z"}
{"level":"error","message":"Worker 6 died","label":"es/master.js","timestamp":"2017-10-28T18:18:34.471Z"}
{"level":"error","message":"Worker 8 died","label":"es/master.js","timestamp":"2017-10-28T18:18:34.515Z"}
{"level":"error","message":"Worker 7 died","label":"es/master.js","timestamp":"2017-10-28T18:18:34.552Z"}
{"level":"info","message":"Worker 9 online","label":"es/master.js","timestamp":"2017-10-28T18:18:34.701Z"}
{"level":"info","message":"Worker 10 online","label":"es/master.js","timestamp":"2017-10-28T18:18:34.711Z"}
{"level":"info","message":"Worker 11 online","label":"es/master.js","timestamp":"2017-10-28T18:18:34.721Z"}
{"level":"info","message":"Worker 12 online","label":"es/master.js","timestamp":"2017-10-28T18:18:34.764Z"}
{"level":"error","message":"Worker 10 died","label":"es/master.js","timestamp":"2017-10-28T18:18:35.449Z"}
{"level":"error","message":"Worker 9 died","label":"es/master.js","timestamp":"2017-10-28T18:18:35.456Z"}
{"level":"error","message":"Worker 11 died","label":"es/master.js","timestamp":"2017-10-28T18:18:35.460Z"}
{"level":"error","message":"Worker 12 died","label":"es/master.js","timestamp":"2017-10-28T18:18:35.663Z"}
{"level":"info","message":"Worker 15 online","label":"es/master.js","timestamp":"2017-10-28T18:18:35.681Z"}
{"level":"info","message":"Worker 14 online","label":"es/master.js","timestamp":"2017-10-28T18:18:35.688Z"}
{"level":"info","message":"Worker 13 online","label":"es/master.js","timestamp":"2017-10-28T18:18:35.695Z"}
{"level":"info","message":"Worker 16 online","label":"es/master.js","timestamp":"2017-10-28T18:18:35.984Z"}
{"level":"info","message":"ES ping OK\n|> ES_Index: 'resultdb3'","label":"models/init.js","timestamp":"2017-10-28T18:58:47.555Z"}
{"level":"info","message":"Worker 1 online","label":"es/master.js","timestamp":"2017-10-28T18:58:47.657Z"}
{"level":"info","message":"Worker 3 online","label":"es/master.js","timestamp":"2017-10-28T18:58:47.658Z"}
{"level":"info","message":"Worker 2 online","label":"es/master.js","timestamp":"2017-10-28T18:58:47.674Z"}
{"level":"info","message":"Worker 4 online","label":"es/master.js","timestamp":"2017-10-28T18:58:47.685Z"}
{"level":"info","message":"ES ping OK\n|> ES_Index: 'resultdb3'","label":"models/init.js","timestamp":"2017-10-28T18:58:48.671Z"}
{"level":"info","message":"ES ping OK\n|> ES_Index: 'resultdb3'","label":"models/init.js","timestamp":"2017-10-28T18:58:48.757Z"}
{"level":"info","message":"ES ping OK\n|> ES_Index: 'resultdb3'","label":"models/init.js","timestamp":"2017-10-28T18:58:48.758Z"}
{"level":"info","message":"ES ping OK\n|> ES_Index: 'resultdb3'","label":"models/init.js","timestamp":"2017-10-28T18:58:48.848Z"}
{"level":"info","message":"ES ping OK\n|> ES_Index: 'resultdb3'","label":"models/init.js","timestamp":"2017-10-28T18:59:00.814Z"}
{"level":"info","message":"Worker 1 online","label":"es/master.js","timestamp":"2017-10-28T18:59:00.933Z"}
{"level":"info","message":"Worker 3 online","label":"es/master.js","timestamp":"2017-10-28T18:59:00.938Z"}
{"level":"info","message":"Worker 4 online","label":"es/master.js","timestamp":"2017-10-28T18:59:00.942Z"}
{"level":"info","message":"Worker 2 online","label":"es/master.js","timestamp":"2017-10-28T18:59:00.964Z"}
{"level":"info","message":"ES ping OK\n|> ES_Index: 'resultdb3'","label":"models/init.js","timestamp":"2017-10-28T18:59:01.863Z"}
{"level":"info","message":"ES ping OK\n|> ES_Index: 'resultdb3'","label":"models/init.js","timestamp":"2017-10-28T18:59:01.890Z"}
{"level":"info","message":"ES ping OK\n|> ES_Index: 'resultdb3'","label":"models/init.js","timestamp":"2017-10-28T18:59:01.945Z"}
{"level":"info","message":"ES ping OK\n|> ES_Index: 'resultdb3'","label":"models/init.js","timestamp":"2017-10-28T18:59:02.135Z"}
{"level":"info","message":"ES ping OK\n|> ES_Index: 'resultdb3'","label":"models/init.js","timestamp":"2017-10-28T19:00:42.350Z"}
{"level":"info","message":"Worker 1 online","label":"es/master.js","timestamp":"2017-10-28T19:00:42.457Z"}
{"level":"info","message":"Worker 2 online","label":"es/master.js","timestamp":"2017-10-28T19:00:42.466Z"}
{"level":"info","message":"Worker 3 online","label":"es/master.js","timestamp":"2017-10-28T19:00:42.476Z"}
{"level":"info","message":"Worker 4 online","label":"es/master.js","timestamp":"2017-10-28T19:00:42.501Z"}
{"level":"info","message":"ES ping OK\n|> ES_Index: 'resultdb3'","label":"models/init.js","timestamp":"2017-10-28T19:00:43.374Z"}
{"level":"info","message":"ES ping OK\n|> ES_Index: 'resultdb3'","label":"models/init.js","timestamp":"2017-10-28T19:00:43.389Z"}
{"level":"info","message":"ES ping OK\n|> ES_Index: 'resultdb3'","label":"models/init.js","timestamp":"2017-10-28T19:00:43.405Z"}
{"level":"info","message":"ES ping OK\n|> ES_Index: 'resultdb3'","label":"models/init.js","timestamp":"2017-10-28T19:00:43.510Z"}
{"level":"info","message":"ES ping OK\n|> ES_Index: 'resultdb3'","label":"models/init.js","timestamp":"2017-10-28T19:00:54.964Z"}
{"level":"info","message":"Worker 3 online","label":"es/master.js","timestamp":"2017-10-28T19:00:55.183Z"}
{"level":"info","message":"Worker 2 online","label":"es/master.js","timestamp":"2017-10-28T19:00:55.184Z"}
{"level":"info","message":"Worker 1 online","label":"es/master.js","timestamp":"2017-10-28T19:00:55.194Z"}
{"level":"info","message":"Worker 4 online","label":"es/master.js","timestamp":"2017-10-28T19:00:55.212Z"}
{"level":"info","message":"ES ping OK\n|> ES_Index: 'resultdb3'","label":"models/init.js","timestamp":"2017-10-28T19:00:55.995Z"}
{"level":"info","message":"ES ping OK\n|> ES_Index: 'resultdb3'","label":"models/init.js","timestamp":"2017-10-28T19:00:56.011Z"}
{"level":"info","message":"ES ping OK\n|> ES_Index: 'resultdb3'","label":"models/init.js","timestamp":"2017-10-28T19:00:56.046Z"}
{"level":"info","message":"ES ping OK\n|> ES_Index: 'resultdb3'","label":"models/init.js","timestamp":"2017-10-28T19:00:56.047Z"}
{"level":"info","message":"ES ping OK\n|> ES_Index: 'resultdb3'","label":"models/init.js","timestamp":"2017-10-28T19:01:10.004Z"}
{"level":"info","message":"Worker 1 online","label":"es/master.js","timestamp":"2017-10-28T19:01:10.177Z"}
{"level":"info","message":"Worker 2 online","label":"es/master.js","timestamp":"2017-10-28T19:01:10.201Z"}
{"level":"info","message":"Worker 4 online","label":"es/master.js","timestamp":"2017-10-28T19:01:10.209Z"}
{"level":"info","message":"Worker 3 online","label":"es/master.js","timestamp":"2017-10-28T19:01:10.212Z"}
{"level":"info","message":"ES ping OK\n|> ES_Index: 'resultdb3'","label":"models/init.js","timestamp":"2017-10-28T19:01:11.023Z"}
{"level":"info","message":"ES ping OK\n|> ES_Index: 'resultdb3'","label":"models/init.js","timestamp":"2017-10-28T19:01:11.092Z"}
{"level":"info","message":"ES ping OK\n|> ES_Index: 'resultdb3'","label":"models/init.js","timestamp":"2017-10-28T19:01:11.100Z"}
{"level":"info","message":"ES ping OK\n|> ES_Index: 'resultdb3'","label":"models/init.js","timestamp":"2017-10-28T19:01:11.100Z"}
{"level":"info","message":"ES ping OK\n|> ES_Index: 'resultdb3'","label":"models/init.js","timestamp":"2017-10-28T19:01:24.881Z"}
{"level":"info","message":"Worker 1 online","label":"es/master.js","timestamp":"2017-10-28T19:01:25.075Z"}
{"level":"info","message":"Worker 3 online","label":"es/master.js","timestamp":"2017-10-28T19:01:25.075Z"}
{"level":"info","message":"Worker 2 online","label":"es/master.js","timestamp":"2017-10-28T19:01:25.085Z"}
{"level":"info","message":"Worker 4 online","label":"es/master.js","timestamp":"2017-10-28T19:01:25.112Z"}
{"level":"info","message":"ES ping OK\n|> ES_Index: 'resultdb3'","label":"models/init.js","timestamp":"2017-10-28T19:01:25.997Z"}
{"level":"info","message":"ES ping OK\n|> ES_Index: 'resultdb3'","label":"models/init.js","timestamp":"2017-10-28T19:01:26.103Z"}
{"level":"info","message":"ES ping OK\n|> ES_Index: 'resultdb3'","label":"models/init.js","timestamp":"2017-10-28T19:01:26.127Z"}
{"level":"info","message":"ES ping OK\n|> ES_Index: 'resultdb3'","label":"models/init.js","timestamp":"2017-10-28T19:01:26.161Z"}
{"level":"info","message":"ES ping OK\n|> ES_Index: 'resultdb3'","label":"models/init.js","timestamp":"2017-10-28T19:02:41.929Z"}
{"level":"info","message":"Worker 1 online","label":"es/master.js","timestamp":"2017-10-28T19:02:42.096Z"}
{"level":"info","message":"Worker 4 online","label":"es/master.js","timestamp":"2017-10-28T19:02:42.109Z"}
{"level":"info","message":"Worker 2 online","label":"es/master.js","timestamp":"2017-10-28T19:02:42.124Z"}
{"level":"info","message":"Worker 3 online","label":"es/master.js","timestamp":"2017-10-28T19:02:42.127Z"}
{"level":"info","message":"ES ping OK\n|> ES_Index: 'resultdb3'","label":"models/init.js","timestamp":"2017-10-28T19:02:42.890Z"}
{"level":"info","message":"ES ping OK\n|> ES_Index: 'resultdb3'","label":"models/init.js","timestamp":"2017-10-28T19:02:42.892Z"}
{"level":"info","message":"ES ping OK\n|> ES_Index: 'resultdb3'","label":"models/init.js","timestamp":"2017-10-28T19:02:42.907Z"}
{"level":"info","message":"ES ping OK\n|> ES_Index: 'resultdb3'","label":"models/init.js","timestamp":"2017-10-28T19:02:42.974Z"}
{"level":"info","message":"ES ping OK\n|> ES_Index: 'resultdb3'","label":"models/init.js","timestamp":"2017-10-28T19:03:45.072Z"}
{"level":"info","message":"Worker 1 online","label":"es/master.js","timestamp":"2017-10-28T19:03:45.246Z"}
{"level":"info","message":"Worker 3 online","label":"es/master.js","timestamp":"2017-10-28T19:03:45.290Z"}
{"level":"info","message":"Worker 2 online","label":"es/master.js","timestamp":"2017-10-28T19:03:45.296Z"}
{"level":"info","message":"Worker 4 online","label":"es/master.js","timestamp":"2017-10-28T19:03:45.322Z"}
{"level":"info","message":"ES ping OK\n|> ES_Index: 'resultdb3'","label":"models/init.js","timestamp":"2017-10-28T19:03:46.092Z"}
{"level":"info","message":"ES ping OK\n|> ES_Index: 'resultdb3'","label":"models/init.js","timestamp":"2017-10-28T19:03:46.111Z"}
{"level":"info","message":"ES ping OK\n|> ES_Index: 'resultdb3'","label":"models/init.js","timestamp":"2017-10-28T19:03:46.143Z"}
{"level":"info","message":"ES ping OK\n|> ES_Index: 'resultdb3'","label":"models/init.js","timestamp":"2017-10-28T19:03:46.140Z"}
{"level":"info","message":"hits [object Object]","label":"models/es_search.js","timestamp":"2017-10-28T19:03:48.232Z"}
{"level":"info","message":"ES ping OK\n|> ES_Index: 'resultdb3'","label":"models/init.js","timestamp":"2017-10-28T19:04:01.818Z"}
{"level":"info","message":"Worker 1 online","label":"es/master.js","timestamp":"2017-10-28T19:04:01.999Z"}
{"level":"info","message":"Worker 2 online","label":"es/master.js","timestamp":"2017-10-28T19:04:02.012Z"}
{"level":"info","message":"Worker 3 online","label":"es/master.js","timestamp":"2017-10-28T19:04:02.024Z"}
{"level":"info","message":"Worker 4 online","label":"es/master.js","timestamp":"2017-10-28T19:04:02.034Z"}
{"level":"info","message":"ES ping OK\n|> ES_Index: 'resultdb3'","label":"models/init.js","timestamp":"2017-10-28T19:04:02.803Z"}
{"level":"info","message":"ES ping OK\n|> ES_Index: 'resultdb3'","label":"models/init.js","timestamp":"2017-10-28T19:04:02.800Z"}
{"level":"info","message":"ES ping OK\n|> ES_Index: 'resultdb3'","label":"models/init.js","timestamp":"2017-10-28T19:04:02.815Z"}
{"level":"info","message":"ES ping OK\n|> ES_Index: 'resultdb3'","label":"models/init.js","timestamp":"2017-10-28T19:04:02.838Z"}
{"level":"info","message":"hits undefined","label":"models/es_search.js","timestamp":"2017-10-28T19:04:09.966Z"}
{"level":"info","message":"ES ping OK\n|> ES_Index: 'resultdb3'","label":"models/init.js","timestamp":"2017-10-28T19:04:56.487Z"}
{"level":"info","message":"Worker 1 online","label":"es/master.js","timestamp":"2017-10-28T19:04:56.557Z"}
{"level":"info","message":"Worker 2 online","label":"es/master.js","timestamp":"2017-10-28T19:04:56.564Z"}
{"level":"info","message":"Worker 3 online","label":"es/master.js","timestamp":"2017-10-28T19:04:56.570Z"}
{"level":"info","message":"Worker 4 online","label":"es/master.js","timestamp":"2017-10-28T19:04:56.632Z"}
{"level":"info","message":"ES ping OK\n|> ES_Index: 'resultdb3'","label":"models/init.js","timestamp":"2017-10-28T19:04:57.554Z"}
{"level":"info","message":"ES ping OK\n|> ES_Index: 'resultdb3'","label":"models/init.js","timestamp":"2017-10-28T19:04:57.599Z"}
{"level":"info","message":"ES ping OK\n|> ES_Index: 'resultdb3'","label":"models/init.js","timestamp":"2017-10-28T19:04:57.623Z"}
{"level":"info","message":"ES ping OK\n|> ES_Index: 'resultdb3'","label":"models/init.js","timestamp":"2017-10-28T19:04:57.712Z"}
{"level":"info","message":"hits 10","label":"models/es_search.js","timestamp":"2017-10-28T19:04:59.225Z"}
{"level":"info","message":"hits 8","label":"models/es_search.js","timestamp":"2017-10-28T19:05:06.374Z"}
{"level":"info","message":"hits 1","label":"models/es_search.js","timestamp":"2017-10-28T19:05:17.187Z"}
{"level":"info","message":"ES ping OK\n|> ES_Index: 'resultdb3'","label":"models/init.js","timestamp":"2017-10-28T19:05:37.051Z"}
{"level":"info","message":"Worker 1 online","label":"es/master.js","timestamp":"2017-10-28T19:05:37.207Z"}
{"level":"info","message":"Worker 2 online","label":"es/master.js","timestamp":"2017-10-28T19:05:37.208Z"}
{"level":"info","message":"Worker 3 online","label":"es/master.js","timestamp":"2017-10-28T19:05:37.229Z"}
{"level":"info","message":"Worker 4 online","label":"es/master.js","timestamp":"2017-10-28T19:05:37.288Z"}
{"level":"info","message":"ES ping OK\n|> ES_Index: 'resultdb3'","label":"models/init.js","timestamp":"2017-10-28T19:05:38.010Z"}
{"level":"info","message":"ES ping OK\n|> ES_Index: 'resultdb3'","label":"models/init.js","timestamp":"2017-10-28T19:05:38.031Z"}
{"level":"info","message":"ES ping OK\n|> ES_Index: 'resultdb3'","label":"models/init.js","timestamp":"2017-10-28T19:05:38.079Z"}
{"level":"info","message":"ES ping OK\n|> ES_Index: 'resultdb3'","label":"models/init.js","timestamp":"2017-10-28T19:05:38.102Z"}
{"level":"info","message":"Hits count 1","label":"models/es_search.js","timestamp":"2017-10-28T19:05:40.160Z"}
{"level":"info","message":"Hits count 1","label":"models/es_search.js","timestamp":"2017-10-28T19:05:43.306Z"}
{"level":"info","message":"Worker 1 online","label":"es/master.js","timestamp":"2017-10-29T08:22:31.009Z"}
{"level":"info","message":"ES ping Index: \u001b[37m\"resultdb3\"\u001b[35mOK","label":"models/init.js","timestamp":"2017-10-29T08:22:31.025Z"}
{"level":"info","message":"Worker 2 online","label":"es/master.js","timestamp":"2017-10-29T08:22:31.037Z"}
{"level":"info","message":"Worker 4 online","label":"es/master.js","timestamp":"2017-10-29T08:22:31.043Z"}
{"level":"info","message":"Worker 3 online","label":"es/master.js","timestamp":"2017-10-29T08:22:31.044Z"}
{"level":"info","message":"ES ping Index: \u001b[37m\"resultdb3\"\u001b[35mOK","label":"models/init.js","timestamp":"2017-10-29T08:22:31.927Z"}
{"level":"info","message":"ES ping Index: \u001b[37m\"resultdb3\"\u001b[35mOK","label":"models/init.js","timestamp":"2017-10-29T08:22:31.954Z"}
{"level":"info","message":"ES ping Index: \u001b[37m\"resultdb3\"\u001b[35mOK","label":"models/init.js","timestamp":"2017-10-29T08:22:31.999Z"}
{"level":"info","message":"ES ping Index: \u001b[37m\"resultdb3\"\u001b[35mOK","label":"models/init.js","timestamp":"2017-10-29T08:22:32.005Z"}
{"level":"info","message":"ES ping Index: \u001b[37m\"resultdb3\"\u001b[35m => OK","label":"models/init.js","timestamp":"2017-10-29T08:23:00.126Z"}
{"level":"info","message":"Worker 1 online","label":"es/master.js","timestamp":"2017-10-29T08:23:00.207Z"}
{"level":"info","message":"Worker 3 online","label":"es/master.js","timestamp":"2017-10-29T08:23:00.212Z"}
{"level":"info","message":"Worker 2 online","label":"es/master.js","timestamp":"2017-10-29T08:23:00.233Z"}
{"level":"info","message":"Worker 4 online","label":"es/master.js","timestamp":"2017-10-29T08:23:00.236Z"}
{"level":"info","message":"ES ping Index: \u001b[37m\"resultdb3\"\u001b[35m => OK","label":"models/init.js","timestamp":"2017-10-29T08:23:00.982Z"}
{"level":"info","message":"ES ping Index: \u001b[37m\"resultdb3\"\u001b[35m => OK","label":"models/init.js","timestamp":"2017-10-29T08:23:00.986Z"}
{"level":"info","message":"ES ping Index: \u001b[37m\"resultdb3\"\u001b[35m => OK","label":"models/init.js","timestamp":"2017-10-29T08:23:01.041Z"}
{"level":"info","message":"ES ping Index: \u001b[37m\"resultdb3\"\u001b[35m => OK","label":"models/init.js","timestamp":"2017-10-29T08:23:01.048Z"}
{"level":"info","message":"\u001b[33mES ping Index: \u001b[37m\"resultdb3\"\u001b[35m OK","label":"models/init.js","timestamp":"2017-10-29T08:23:58.465Z"}
{"level":"info","message":"Worker 1 online","label":"es/master.js","timestamp":"2017-10-29T08:23:58.562Z"}
{"level":"info","message":"Worker 2 online","label":"es/master.js","timestamp":"2017-10-29T08:23:58.568Z"}
{"level":"info","message":"Worker 4 online","label":"es/master.js","timestamp":"2017-10-29T08:23:58.576Z"}
{"level":"info","message":"Worker 3 online","label":"es/master.js","timestamp":"2017-10-29T08:23:58.597Z"}
{"level":"info","message":"\u001b[33mES ping Index: \u001b[37m\"resultdb3\"\u001b[35m OK","label":"models/init.js","timestamp":"2017-10-29T08:23:59.443Z"}
{"level":"info","message":"\u001b[33mES ping Index: \u001b[37m\"resultdb3\"\u001b[35m OK","label":"models/init.js","timestamp":"2017-10-29T08:23:59.451Z"}
{"level":"info","message":"\u001b[33mES ping Index: \u001b[37m\"resultdb3\"\u001b[35m OK","label":"models/init.js","timestamp":"2017-10-29T08:23:59.494Z"}
{"level":"info","message":"\u001b[33mES ping Index: \u001b[37m\"resultdb3\"\u001b[35m OK","label":"models/init.js","timestamp":"2017-10-29T08:23:59.514Z"}
{"level":"info","message":"\u001b[33mES ping Index \u001b[37m\"resultdb3\"\u001b[35m OK","label":"models/init.js","timestamp":"2017-10-29T08:34:25.617Z"}
{"level":"info","message":"Worker 1 online","label":"es/master.js","timestamp":"2017-10-29T08:34:25.815Z"}
{"level":"info","message":"Worker 4 online","label":"es/master.js","timestamp":"2017-10-29T08:34:25.822Z"}
{"level":"info","message":"Worker 2 online","label":"es/master.js","timestamp":"2017-10-29T08:34:25.839Z"}
{"level":"info","message":"Worker 3 online","label":"es/master.js","timestamp":"2017-10-29T08:34:25.840Z"}
{"level":"info","message":"\u001b[33mES ping Index \u001b[37m\"resultdb3\"\u001b[35m OK","label":"models/init.js","timestamp":"2017-10-29T08:34:26.672Z"}
{"level":"info","message":"\u001b[33mES ping Index \u001b[37m\"resultdb3\"\u001b[35m OK","label":"models/init.js","timestamp":"2017-10-29T08:34:26.718Z"}
{"level":"info","message":"\u001b[33mES ping Index \u001b[37m\"resultdb3\"\u001b[35m OK","label":"models/init.js","timestamp":"2017-10-29T08:34:26.759Z"}
{"level":"info","message":"\u001b[33mES ping Index \u001b[37m\"resultdb3\"\u001b[35m OK","label":"models/init.js","timestamp":"2017-10-29T08:34:26.759Z"}
{"level":"info","message":"\u001b[33mES ping Index \u001b[37m\"resultdb3\"\u001b[35m OK","label":"models/init.js","timestamp":"2017-10-29T08:36:20.780Z"}
{"level":"info","message":"Worker 3 online","label":"es/master.js","timestamp":"2017-10-29T08:36:20.867Z"}
{"level":"info","message":"Worker 2 online","label":"es/master.js","timestamp":"2017-10-29T08:36:20.877Z"}
{"level":"info","message":"Worker 1 online","label":"es/master.js","timestamp":"2017-10-29T08:36:20.888Z"}
{"level":"info","message":"Worker 4 online","label":"es/master.js","timestamp":"2017-10-29T08:36:20.898Z"}
{"level":"info","message":"\u001b[33mES ping Index \u001b[37m\"resultdb3\"\u001b[35m OK","label":"models/init.js","timestamp":"2017-10-29T08:36:21.728Z"}
{"level":"info","message":"\u001b[33mES ping Index \u001b[37m\"resultdb3\"\u001b[35m OK","label":"models/init.js","timestamp":"2017-10-29T08:36:21.768Z"}
{"level":"info","message":"\u001b[33mES ping Index \u001b[37m\"resultdb3\"\u001b[35m OK","label":"models/init.js","timestamp":"2017-10-29T08:36:21.779Z"}
{"level":"info","message":"\u001b[33mES ping Index \u001b[37m\"resultdb3\"\u001b[35m OK","label":"models/init.js","timestamp":"2017-10-29T08:36:21.813Z"}
{"level":"info","message":"Hits count 1","label":"models/es_search.js","timestamp":"2017-10-29T08:36:30.296Z"}
{"level":"info","message":"\u001b[33mES ping Index \u001b[37m\"resultdb3\"\u001b[35m OK","label":"models/init.js","timestamp":"2017-10-29T08:37:56.275Z"}
{"level":"info","message":"Worker 1 online","label":"es/master.js","timestamp":"2017-10-29T08:37:56.376Z"}
{"level":"info","message":"Worker 3 online","label":"es/master.js","timestamp":"2017-10-29T08:37:56.397Z"}
{"level":"info","message":"Worker 2 online","label":"es/master.js","timestamp":"2017-10-29T08:37:56.404Z"}
{"level":"info","message":"Worker 4 online","label":"es/master.js","timestamp":"2017-10-29T08:37:56.409Z"}
{"level":"info","message":"\u001b[33mES ping Index \u001b[37m\"resultdb3\"\u001b[35m OK","label":"models/init.js","timestamp":"2017-10-29T08:37:57.136Z"}
{"level":"info","message":"\u001b[33mES ping Index \u001b[37m\"resultdb3\"\u001b[35m OK","label":"models/init.js","timestamp":"2017-10-29T08:37:57.183Z"}
{"level":"info","message":"\u001b[33mES ping Index \u001b[37m\"resultdb3\"\u001b[35m OK","label":"models/init.js","timestamp":"2017-10-29T08:37:57.202Z"}
{"level":"info","message":"\u001b[33mES ping Index \u001b[37m\"resultdb3\"\u001b[35m OK","label":"models/init.js","timestamp":"2017-10-29T08:37:57.210Z"}
{"level":"info","message":"\u001b[33mES ping Index \u001b[37m\"resultdb3\"\u001b[35m OK","label":"models/init.js","timestamp":"2017-10-29T08:42:47.410Z"}
{"level":"info","message":"Worker 1 online","label":"es/master.js","timestamp":"2017-10-29T08:42:47.578Z"}
{"level":"info","message":"Worker 2 online","label":"es/master.js","timestamp":"2017-10-29T08:42:47.591Z"}
{"level":"info","message":"Worker 4 online","label":"es/master.js","timestamp":"2017-10-29T08:42:47.595Z"}
{"level":"info","message":"Worker 3 online","label":"es/master.js","timestamp":"2017-10-29T08:42:47.905Z"}
{"level":"info","message":"\u001b[33mES ping Index \u001b[37m\"resultdb3\"\u001b[35m OK","label":"models/init.js","timestamp":"2017-10-29T08:42:48.342Z"}
{"level":"info","message":"\u001b[33mES ping Index \u001b[37m\"resultdb3\"\u001b[35m OK","label":"models/init.js","timestamp":"2017-10-29T08:42:48.342Z"}
{"level":"info","message":"\u001b[33mES ping Index \u001b[37m\"resultdb3\"\u001b[35m OK","label":"models/init.js","timestamp":"2017-10-29T08:42:48.365Z"}
{"level":"info","message":"\u001b[33mES ping Index \u001b[37m\"resultdb3\"\u001b[35m OK","label":"models/init.js","timestamp":"2017-10-29T08:42:48.758Z"}
{"level":"info","message":"\u001b[33mES ping Index \u001b[37m\"resultdb3\"\u001b[35m OK","label":"models/init.js","timestamp":"2017-10-29T08:43:50.568Z"}
{"level":"info","message":"Worker 3 online","label":"es/master.js","timestamp":"2017-10-29T08:43:50.614Z"}
{"level":"info","message":"Worker 1 online","label":"es/master.js","timestamp":"2017-10-29T08:43:50.615Z"}
{"level":"info","message":"Worker 2 online","label":"es/master.js","timestamp":"2017-10-29T08:43:50.622Z"}
{"level":"info","message":"Worker 4 online","label":"es/master.js","timestamp":"2017-10-29T08:43:50.624Z"}
{"level":"info","message":"\u001b[33mES ping Index \u001b[37m\"resultdb3\"\u001b[35m OK","label":"models/init.js","timestamp":"2017-10-29T08:43:51.359Z"}
{"level":"info","message":"\u001b[33mES ping Index \u001b[37m\"resultdb3\"\u001b[35m OK","label":"models/init.js","timestamp":"2017-10-29T08:43:51.372Z"}
{"level":"info","message":"\u001b[33mES ping Index \u001b[37m\"resultdb3\"\u001b[35m OK","label":"models/init.js","timestamp":"2017-10-29T08:43:51.377Z"}
{"level":"info","message":"\u001b[33mES ping Index \u001b[37m\"resultdb3\"\u001b[35m OK","label":"models/init.js","timestamp":"2017-10-29T08:43:51.385Z"}
{"level":"info","message":"\u001b[33mES ping Index \u001b[37m\"resultdb3\"\u001b[35m OK","label":"models/init.js","timestamp":"2017-10-29T08:45:26.294Z"}
{"level":"info","message":"Worker 2 online","label":"es/master.js","timestamp":"2017-10-29T08:45:26.465Z"}
{"level":"info","message":"Worker 1 online","label":"es/master.js","timestamp":"2017-10-29T08:45:26.466Z"}
{"level":"info","message":"Worker 4 online","label":"es/master.js","timestamp":"2017-10-29T08:45:26.488Z"}
{"level":"info","message":"Worker 3 online","label":"es/master.js","timestamp":"2017-10-29T08:45:26.489Z"}
{"level":"info","message":"\u001b[33mES ping Index \u001b[37m\"resultdb3\"\u001b[35m OK","label":"models/init.js","timestamp":"2017-10-29T08:45:27.182Z"}
{"level":"info","message":"\u001b[33mES ping Index \u001b[37m\"resultdb3\"\u001b[35m OK","label":"models/init.js","timestamp":"2017-10-29T08:45:27.182Z"}
{"level":"info","message":"\u001b[33mES ping Index \u001b[37m\"resultdb3\"\u001b[35m OK","label":"models/init.js","timestamp":"2017-10-29T08:45:27.187Z"}
{"level":"info","message":"\u001b[33mES ping Index \u001b[37m\"resultdb3\"\u001b[35m OK","label":"models/init.js","timestamp":"2017-10-29T08:45:27.228Z"}
{"level":"info","message":"\u001b[33mES ping Index \u001b[37m\"resultdb3\"\u001b[35m OK","label":"models/init.js","timestamp":"2017-10-29T08:45:33.089Z"}
{"level":"info","message":"Worker 3 online","label":"es/master.js","timestamp":"2017-10-29T08:45:33.159Z"}
{"level":"info","message":"Worker 1 online","label":"es/master.js","timestamp":"2017-10-29T08:45:33.163Z"}
{"level":"info","message":"Worker 2 online","label":"es/master.js","timestamp":"2017-10-29T08:45:33.168Z"}
{"level":"info","message":"Worker 4 online","label":"es/master.js","timestamp":"2017-10-29T08:45:33.176Z"}
{"level":"info","message":"\u001b[33mES ping Index \u001b[37m\"resultdb3\"\u001b[35m OK","label":"models/init.js","timestamp":"2017-10-29T08:45:33.901Z"}
{"level":"info","message":"\u001b[33mES ping Index \u001b[37m\"resultdb3\"\u001b[35m OK","label":"models/init.js","timestamp":"2017-10-29T08:45:33.962Z"}
{"level":"info","message":"\u001b[33mES ping Index \u001b[37m\"resultdb3\"\u001b[35m OK","label":"models/init.js","timestamp":"2017-10-29T08:45:33.965Z"}
{"level":"info","message":"\u001b[33mES ping Index \u001b[37m\"resultdb3\"\u001b[35m OK","label":"models/init.js","timestamp":"2017-10-29T08:45:33.971Z"}
{"level":"info","message":"Worker 1 online","label":"es/master.js","timestamp":"2017-10-29T08:45:48.527Z"}
{"level":"info","message":"Worker 2 online","label":"es/master.js","timestamp":"2017-10-29T08:45:48.555Z"}
{"level":"info","message":"Worker 4 online","label":"es/master.js","timestamp":"2017-10-29T08:45:48.567Z"}
{"level":"info","message":"Worker 3 online","label":"es/master.js","timestamp":"2017-10-29T08:45:48.575Z"}
{"level":"info","message":"\u001b[33mES ping Index \u001b[37m\"resultdb3\"\u001b[35m OK","label":"models/init.js","timestamp":"2017-10-29T08:45:48.565Z"}
{"level":"info","message":"\u001b[33mES ping Index \u001b[37m\"resultdb3\"\u001b[35m OK","label":"models/init.js","timestamp":"2017-10-29T08:45:49.352Z"}
{"level":"info","message":"\u001b[33mES ping Index \u001b[37m\"resultdb3\"\u001b[35m OK","label":"models/init.js","timestamp":"2017-10-29T08:45:49.372Z"}
{"level":"info","message":"\u001b[33mES ping Index \u001b[37m\"resultdb3\"\u001b[35m OK","label":"models/init.js","timestamp":"2017-10-29T08:45:49.371Z"}
{"level":"info","message":"\u001b[33mES ping Index \u001b[37m\"resultdb3\"\u001b[35m OK","label":"models/init.js","timestamp":"2017-10-29T08:45:49.400Z"}
{"level":"info","message":"\u001b[33mES ping Index \u001b[37m\"resultdb3\"\u001b[35m OK","label":"models/init.js","timestamp":"2017-10-29T08:48:02.694Z"}
{"level":"info","message":"Worker 1 online","label":"es/master.js","timestamp":"2017-10-29T08:48:02.910Z"}
{"level":"info","message":"Worker 2 online","label":"es/master.js","timestamp":"2017-10-29T08:48:02.938Z"}
{"level":"info","message":"Worker 3 online","label":"es/master.js","timestamp":"2017-10-29T08:48:02.970Z"}
{"level":"info","message":"Worker 4 online","label":"es/master.js","timestamp":"2017-10-29T08:48:02.986Z"}
{"level":"info","message":"\u001b[33mES ping Index \u001b[37m\"resultdb3\"\u001b[35m OK","label":"models/init.js","timestamp":"2017-10-29T08:48:03.994Z"}
{"level":"info","message":"\u001b[33mES ping Index \u001b[37m\"resultdb3\"\u001b[35m OK","label":"models/init.js","timestamp":"2017-10-29T08:48:03.994Z"}
{"level":"info","message":"\u001b[33mES ping Index \u001b[37m\"resultdb3\"\u001b[35m OK","label":"models/init.js","timestamp":"2017-10-29T08:48:04.016Z"}
{"level":"info","message":"\u001b[33mES ping Index \u001b[37m\"resultdb3\"\u001b[35m OK","label":"models/init.js","timestamp":"2017-10-29T08:48:04.064Z"}
{"level":"info","message":"\u001b[33mES ping Index \u001b[37m\"resultdb3\"\u001b[35m OK","label":"models/init.js","timestamp":"2017-10-29T08:49:08.363Z"}
{"level":"info","message":"Worker 2 online","label":"es/master.js","timestamp":"2017-10-29T08:49:08.518Z"}
{"level":"info","message":"Worker 3 online","label":"es/master.js","timestamp":"2017-10-29T08:49:08.530Z"}
{"level":"info","message":"Worker 4 online","label":"es/master.js","timestamp":"2017-10-29T08:49:08.539Z"}
{"level":"info","message":"Worker 1 online","label":"es/master.js","timestamp":"2017-10-29T08:49:08.541Z"}
{"level":"info","message":"\u001b[33mES ping Index \u001b[37m\"resultdb3\"\u001b[35m OK","label":"models/init.js","timestamp":"2017-10-29T08:49:09.257Z"}
{"level":"info","message":"\u001b[33mES ping Index \u001b[37m\"resultdb3\"\u001b[35m OK","label":"models/init.js","timestamp":"2017-10-29T08:49:09.262Z"}
{"level":"info","message":"\u001b[33mES ping Index \u001b[37m\"resultdb3\"\u001b[35m OK","label":"models/init.js","timestamp":"2017-10-29T08:49:09.307Z"}
{"level":"info","message":"\u001b[33mES ping Index \u001b[37m\"resultdb3\"\u001b[35m OK","label":"models/init.js","timestamp":"2017-10-29T08:49:09.324Z"}
{"level":"info","message":"\u001b[33mES ping Index \u001b[37m\"resultdb3\"\u001b[35m OK","label":"models/init.js","timestamp":"2017-10-29T08:53:02.007Z"}
{"level":"info","message":"Worker 1 online","label":"es/master.js","timestamp":"2017-10-29T08:53:02.189Z"}
{"level":"info","message":"Worker 2 online","label":"es/master.js","timestamp":"2017-10-29T08:53:02.217Z"}
{"level":"info","message":"Worker 3 online","label":"es/master.js","timestamp":"2017-10-29T08:53:02.218Z"}
{"level":"info","message":"Worker 4 online","label":"es/master.js","timestamp":"2017-10-29T08:53:02.470Z"}
{"level":"info","message":"\u001b[33mES ping Index \u001b[37m\"resultdb3\"\u001b[35m OK","label":"models/init.js","timestamp":"2017-10-29T08:53:02.939Z"}
{"level":"info","message":"\u001b[33mES ping Index \u001b[37m\"resultdb3\"\u001b[35m OK","label":"models/init.js","timestamp":"2017-10-29T08:53:02.956Z"}
{"level":"info","message":"\u001b[33mES ping Index \u001b[37m\"resultdb3\"\u001b[35m OK","label":"models/init.js","timestamp":"2017-10-29T08:53:02.959Z"}
{"level":"info","message":"\u001b[33mES ping Index \u001b[37m\"resultdb3\"\u001b[35m OK","label":"models/init.js","timestamp":"2017-10-29T08:53:03.272Z"}
{"level":"info","message":"\u001b[33mES ping Index \u001b[37m\"resultdb3\"\u001b[35m OK","label":"models/init.js","timestamp":"2017-10-29T09:17:26.923Z"}
{"level":"info","message":"Worker 2 online","label":"es/master.js","timestamp":"2017-10-29T09:17:27.078Z"}
{"level":"info","message":"Worker 1 online","label":"es/master.js","timestamp":"2017-10-29T09:17:27.079Z"}
{"level":"info","message":"Worker 3 online","label":"es/master.js","timestamp":"2017-10-29T09:17:27.098Z"}
{"level":"info","message":"Worker 4 online","label":"es/master.js","timestamp":"2017-10-29T09:17:27.117Z"}
{"level":"info","message":"\u001b[33mES ping Index \u001b[37m\"resultdb3\"\u001b[35m OK","label":"models/init.js","timestamp":"2017-10-29T09:17:27.953Z"}
{"level":"info","message":"\u001b[33mES ping Index \u001b[37m\"resultdb3\"\u001b[35m OK","label":"models/init.js","timestamp":"2017-10-29T09:17:27.959Z"}
{"level":"info","message":"\u001b[33mES ping Index \u001b[37m\"resultdb3\"\u001b[35m OK","label":"models/init.js","timestamp":"2017-10-29T09:17:27.962Z"}
{"level":"info","message":"\u001b[33mES ping Index \u001b[37m\"resultdb3\"\u001b[35m OK","label":"models/init.js","timestamp":"2017-10-29T09:17:27.987Z"}
{"level":"info","message":"\u001b[33mES ping Index \u001b[37m\"resultdb3\"\u001b[35m OK","label":"models/init.js","timestamp":"2017-10-29T09:18:28.550Z"}
{"level":"info","message":"Worker 1 online","label":"es/master.js","timestamp":"2017-10-29T09:18:28.703Z"}
{"level":"info","message":"Worker 3 online","label":"es/master.js","timestamp":"2017-10-29T09:18:28.720Z"}
{"level":"info","message":"Worker 2 online","label":"es/master.js","timestamp":"2017-10-29T09:18:28.725Z"}
{"level":"info","message":"Worker 4 online","label":"es/master.js","timestamp":"2017-10-29T09:18:28.733Z"}
{"level":"info","message":"\u001b[33mES ping Index \u001b[37m\"resultdb3\"\u001b[35m OK","label":"models/init.js","timestamp":"2017-10-29T09:18:29.447Z"}
{"level":"info","message":"\u001b[33mES ping Index \u001b[37m\"resultdb3\"\u001b[35m OK","label":"models/init.js","timestamp":"2017-10-29T09:18:29.463Z"}
{"level":"info","message":"\u001b[33mES ping Index \u001b[37m\"resultdb3\"\u001b[35m OK","label":"models/init.js","timestamp":"2017-10-29T09:18:29.471Z"}
{"level":"info","message":"\u001b[33mES ping Index \u001b[37m\"resultdb3\"\u001b[35m OK","label":"models/init.js","timestamp":"2017-10-29T09:18:29.487Z"}
{"level":"info","message":"\u001b[33mES ping Index \u001b[37m\"resultdb3\"\u001b[35m OK","label":"models/init.js","timestamp":"2017-10-29T09:18:45.412Z"}
{"level":"info","message":"Worker 1 online","label":"es/master.js","timestamp":"2017-10-29T09:18:45.443Z"}
{"level":"info","message":"Worker 3 online","label":"es/master.js","timestamp":"2017-10-29T09:18:45.454Z"}
{"level":"info","message":"Worker 2 online","label":"es/master.js","timestamp":"2017-10-29T09:18:45.463Z"}
{"level":"info","message":"Worker 4 online","label":"es/master.js","timestamp":"2017-10-29T09:18:45.518Z"}
{"level":"info","message":"\u001b[33mES ping Index \u001b[37m\"resultdb3\"\u001b[35m OK","label":"models/init.js","timestamp":"2017-10-29T09:18:46.354Z"}
{"level":"info","message":"\u001b[33mES ping Index \u001b[37m\"resultdb3\"\u001b[35m OK","label":"models/init.js","timestamp":"2017-10-29T09:18:46.471Z"}
{"level":"info","message":"\u001b[33mES ping Index \u001b[37m\"resultdb3\"\u001b[35m OK","label":"models/init.js","timestamp":"2017-10-29T09:18:46.478Z"}
{"level":"info","message":"\u001b[33mES ping Index \u001b[37m\"resultdb3\"\u001b[35m OK","label":"models/init.js","timestamp":"2017-10-29T09:18:46.485Z"}
{"level":"info","message":"\u001b[33mES ping Index \u001b[37m\"resultdb3\"\u001b[35m OK","label":"models/init.js","timestamp":"2017-10-29T09:19:21.814Z"}
{"level":"info","message":"Worker 1 online","label":"es/master.js","timestamp":"2017-10-29T09:19:21.996Z"}
{"level":"info","message":"Worker 3 online","label":"es/master.js","timestamp":"2017-10-29T09:19:22.009Z"}
{"level":"info","message":"Worker 2 online","label":"es/master.js","timestamp":"2017-10-29T09:19:22.009Z"}
{"level":"info","message":"Worker 4 online","label":"es/master.js","timestamp":"2017-10-29T09:19:22.021Z"}
{"level":"error","message":"Worker 1 died","label":"es/master.js","timestamp":"2017-10-29T09:19:22.417Z"}
{"level":"error","message":"Worker 3 died","label":"es/master.js","timestamp":"2017-10-29T09:19:22.424Z"}
{"level":"error","message":"Worker 2 died","label":"es/master.js","timestamp":"2017-10-29T09:19:22.430Z"}
{"level":"error","message":"Worker 4 died","label":"es/master.js","timestamp":"2017-10-29T09:19:22.439Z"}
{"level":"info","message":"Worker 5 online","label":"es/master.js","timestamp":"2017-10-29T09:19:22.654Z"}
{"level":"info","message":"Worker 8 online","label":"es/master.js","timestamp":"2017-10-29T09:19:22.669Z"}
{"level":"info","message":"Worker 6 online","label":"es/master.js","timestamp":"2017-10-29T09:19:22.675Z"}
{"level":"info","message":"Worker 7 online","label":"es/master.js","timestamp":"2017-10-29T09:19:22.686Z"}
{"level":"error","message":"Worker 7 died","label":"es/master.js","timestamp":"2017-10-29T09:19:23.079Z"}
{"level":"error","message":"Worker 5 died","label":"es/master.js","timestamp":"2017-10-29T09:19:23.093Z"}
{"level":"error","message":"Worker 6 died","label":"es/master.js","timestamp":"2017-10-29T09:19:23.097Z"}
{"level":"error","message":"Worker 8 died","label":"es/master.js","timestamp":"2017-10-29T09:19:23.107Z"}
{"level":"info","message":"Worker 9 online","label":"es/master.js","timestamp":"2017-10-29T09:19:23.377Z"}
{"level":"info","message":"Worker 12 online","label":"es/master.js","timestamp":"2017-10-29T09:19:23.390Z"}
{"level":"info","message":"Worker 11 online","label":"es/master.js","timestamp":"2017-10-29T09:19:23.398Z"}
{"level":"info","message":"Worker 10 online","label":"es/master.js","timestamp":"2017-10-29T09:19:23.408Z"}
{"level":"error","message":"Worker 11 died","label":"es/master.js","timestamp":"2017-10-29T09:19:23.811Z"}
{"level":"error","message":"Worker 9 died","label":"es/master.js","timestamp":"2017-10-29T09:19:23.816Z"}
{"level":"error","message":"Worker 12 died","label":"es/master.js","timestamp":"2017-10-29T09:19:23.824Z"}
{"level":"error","message":"Worker 10 died","label":"es/master.js","timestamp":"2017-10-29T09:19:23.841Z"}
{"level":"info","message":"Worker 15 online","label":"es/master.js","timestamp":"2017-10-29T09:19:24.149Z"}
{"level":"info","message":"Worker 14 online","label":"es/master.js","timestamp":"2017-10-29T09:19:24.159Z"}
{"level":"info","message":"Worker 16 online","label":"es/master.js","timestamp":"2017-10-29T09:19:24.161Z"}
{"level":"info","message":"Worker 13 online","label":"es/master.js","timestamp":"2017-10-29T09:19:24.162Z"}
{"level":"error","message":"Worker 15 died","label":"es/master.js","timestamp":"2017-10-29T09:19:24.617Z"}
{"level":"error","message":"Worker 14 died","label":"es/master.js","timestamp":"2017-10-29T09:19:24.623Z"}
{"level":"error","message":"Worker 16 died","label":"es/master.js","timestamp":"2017-10-29T09:19:24.627Z"}
{"level":"error","message":"Worker 13 died","label":"es/master.js","timestamp":"2017-10-29T09:19:24.663Z"}
{"level":"info","message":"Worker 19 online","label":"es/master.js","timestamp":"2017-10-29T09:19:24.861Z"}
{"level":"info","message":"Worker 18 online","label":"es/master.js","timestamp":"2017-10-29T09:19:24.865Z"}
{"level":"info","message":"Worker 17 online","label":"es/master.js","timestamp":"2017-10-29T09:19:24.876Z"}
{"level":"info","message":"Worker 20 online","label":"es/master.js","timestamp":"2017-10-29T09:19:24.887Z"}
{"level":"error","message":"Worker 19 died","label":"es/master.js","timestamp":"2017-10-29T09:19:25.314Z"}
{"level":"error","message":"Worker 18 died","label":"es/master.js","timestamp":"2017-10-29T09:19:25.321Z"}
{"level":"error","message":"Worker 17 died","label":"es/master.js","timestamp":"2017-10-29T09:19:25.327Z"}
{"level":"error","message":"Worker 20 died","label":"es/master.js","timestamp":"2017-10-29T09:19:25.339Z"}
{"level":"info","message":"Worker 24 online","label":"es/master.js","timestamp":"2017-10-29T09:19:25.576Z"}
{"level":"info","message":"Worker 21 online","label":"es/master.js","timestamp":"2017-10-29T09:19:25.586Z"}
{"level":"info","message":"Worker 22 online","label":"es/master.js","timestamp":"2017-10-29T09:19:25.597Z"}
{"level":"info","message":"Worker 23 online","label":"es/master.js","timestamp":"2017-10-29T09:19:25.608Z"}
{"level":"error","message":"Worker 24 died","label":"es/master.js","timestamp":"2017-10-29T09:19:26.145Z"}
{"level":"error","message":"Worker 21 died","label":"es/master.js","timestamp":"2017-10-29T09:19:26.152Z"}
{"level":"error","message":"Worker 22 died","label":"es/master.js","timestamp":"2017-10-29T09:19:26.158Z"}
{"level":"error","message":"Worker 23 died","label":"es/master.js","timestamp":"2017-10-29T09:19:26.165Z"}
{"level":"info","message":"\u001b[33mES ping Index \u001b[37m\"resultdb3\"\u001b[35m OK","label":"models/init.js","timestamp":"2017-10-29T09:19:36.243Z"}
{"level":"info","message":"Worker 3 online","label":"es/master.js","timestamp":"2017-10-29T09:19:36.403Z"}
{"level":"info","message":"Worker 2 online","label":"es/master.js","timestamp":"2017-10-29T09:19:36.411Z"}
{"level":"info","message":"Worker 4 online","label":"es/master.js","timestamp":"2017-10-29T09:19:36.437Z"}
{"level":"info","message":"Worker 1 online","label":"es/master.js","timestamp":"2017-10-29T09:19:36.446Z"}
{"level":"error","message":"Worker 2 died","label":"es/master.js","timestamp":"2017-10-29T09:19:37.023Z"}
{"level":"error","message":"Worker 1 died","label":"es/master.js","timestamp":"2017-10-29T09:19:37.100Z"}
{"level":"error","message":"Worker 4 died","label":"es/master.js","timestamp":"2017-10-29T09:19:37.106Z"}
{"level":"error","message":"Worker 3 died","label":"es/master.js","timestamp":"2017-10-29T09:19:37.179Z"}
{"level":"info","message":"Worker 5 online","label":"es/master.js","timestamp":"2017-10-29T09:19:37.368Z"}
{"level":"info","message":"Worker 6 online","label":"es/master.js","timestamp":"2017-10-29T09:19:37.391Z"}
{"level":"info","message":"Worker 7 online","label":"es/master.js","timestamp":"2017-10-29T09:19:37.395Z"}
{"level":"info","message":"Worker 8 online","label":"es/master.js","timestamp":"2017-10-29T09:19:37.450Z"}
{"level":"info","message":"\u001b[33mES ping Index \u001b[37m\"resultdb3\"\u001b[35m OK","label":"models/init.js","timestamp":"2017-10-29T09:20:00.193Z"}
{"level":"info","message":"Worker 1 online","label":"es/master.js","timestamp":"2017-10-29T09:20:00.332Z"}
{"level":"info","message":"Worker 2 online","label":"es/master.js","timestamp":"2017-10-29T09:20:00.351Z"}
{"level":"info","message":"Worker 4 online","label":"es/master.js","timestamp":"2017-10-29T09:20:00.362Z"}
{"level":"info","message":"Worker 3 online","label":"es/master.js","timestamp":"2017-10-29T09:20:00.363Z"}
{"level":"error","message":"Worker 1 died","label":"es/master.js","timestamp":"2017-10-29T09:20:00.730Z"}
{"level":"error","message":"Worker 2 died","label":"es/master.js","timestamp":"2017-10-29T09:20:00.743Z"}
{"level":"error","message":"Worker 4 died","label":"es/master.js","timestamp":"2017-10-29T09:20:00.746Z"}
{"level":"error","message":"Worker 3 died","label":"es/master.js","timestamp":"2017-10-29T09:20:00.750Z"}
{"level":"info","message":"Worker 7 online","label":"es/master.js","timestamp":"2017-10-29T09:20:00.948Z"}
{"level":"info","message":"Worker 8 online","label":"es/master.js","timestamp":"2017-10-29T09:20:00.955Z"}
{"level":"info","message":"Worker 6 online","label":"es/master.js","timestamp":"2017-10-29T09:20:00.975Z"}
{"level":"info","message":"Worker 5 online","label":"es/master.js","timestamp":"2017-10-29T09:20:00.976Z"}
{"level":"error","message":"Worker 7 died","label":"es/master.js","timestamp":"2017-10-29T09:20:01.334Z"}
{"level":"error","message":"Worker 8 died","label":"es/master.js","timestamp":"2017-10-29T09:20:01.338Z"}
{"level":"error","message":"Worker 5 died","label":"es/master.js","timestamp":"2017-10-29T09:20:01.353Z"}
{"level":"error","message":"Worker 6 died","label":"es/master.js","timestamp":"2017-10-29T09:20:01.357Z"}
{"level":"info","message":"\u001b[33mES ping Index \u001b[37m\"resultdb3\"\u001b[35m OK","label":"models/init.js","timestamp":"2017-10-29T09:20:32.294Z"}
{"level":"info","message":"Worker 2 online","label":"es/master.js","timestamp":"2017-10-29T09:20:32.452Z"}
{"level":"info","message":"Worker 1 online","label":"es/master.js","timestamp":"2017-10-29T09:20:32.464Z"}
{"level":"info","message":"Worker 4 online","label":"es/master.js","timestamp":"2017-10-29T09:20:32.478Z"}
{"level":"info","message":"Worker 3 online","label":"es/master.js","timestamp":"2017-10-29T09:20:32.479Z"}
{"level":"info","message":"\u001b[33mES ping Index \u001b[37m\"resultdb3\"\u001b[35m OK","label":"models/init.js","timestamp":"2017-10-29T09:20:33.220Z"}
{"level":"info","message":"\u001b[33mES ping Index \u001b[37m\"resultdb3\"\u001b[35m OK","label":"models/init.js","timestamp":"2017-10-29T09:20:33.241Z"}
{"level":"info","message":"\u001b[33mES ping Index \u001b[37m\"resultdb3\"\u001b[35m OK","label":"models/init.js","timestamp":"2017-10-29T09:20:33.250Z"}
{"level":"info","message":"\u001b[33mES ping Index \u001b[37m\"resultdb3\"\u001b[35m OK","label":"models/init.js","timestamp":"2017-10-29T09:20:33.262Z"}
{"level":"info","message":"\u001b[33mES ping Index \u001b[37m\"resultdb3\"\u001b[35m OK","label":"models/init.js","timestamp":"2017-10-29T09:20:43.664Z"}
{"level":"info","message":"Worker 1 online","label":"es/master.js","timestamp":"2017-10-29T09:20:43.795Z"}
{"level":"info","message":"Worker 4 online","label":"es/master.js","timestamp":"2017-10-29T09:20:43.816Z"}
{"level":"info","message":"Worker 3 online","label":"es/master.js","timestamp":"2017-10-29T09:20:43.823Z"}
{"level":"info","message":"Worker 2 online","label":"es/master.js","timestamp":"2017-10-29T09:20:43.828Z"}
{"level":"error","message":"Worker 1 died","label":"es/master.js","timestamp":"2017-10-29T09:20:44.502Z"}
{"level":"error","message":"Worker 2 died","label":"es/master.js","timestamp":"2017-10-29T09:20:44.515Z"}
{"level":"error","message":"Worker 4 died","label":"es/master.js","timestamp":"2017-10-29T09:20:44.519Z"}
{"level":"error","message":"Worker 3 died","label":"es/master.js","timestamp":"2017-10-29T09:20:44.527Z"}
{"level":"info","message":"Worker 6 online","label":"es/master.js","timestamp":"2017-10-29T09:20:44.733Z"}
{"level":"info","message":"Worker 7 online","label":"es/master.js","timestamp":"2017-10-29T09:20:44.745Z"}
{"level":"info","message":"Worker 8 online","label":"es/master.js","timestamp":"2017-10-29T09:20:44.757Z"}
{"level":"info","message":"Worker 5 online","label":"es/master.js","timestamp":"2017-10-29T09:20:44.762Z"}
{"level":"error","message":"Worker 6 died","label":"es/master.js","timestamp":"2017-10-29T09:20:45.359Z"}
{"level":"error","message":"Worker 7 died","label":"es/master.js","timestamp":"2017-10-29T09:20:45.371Z"}
{"level":"error","message":"Worker 5 died","label":"es/master.js","timestamp":"2017-10-29T09:20:45.396Z"}
{"level":"error","message":"Worker 8 died","label":"es/master.js","timestamp":"2017-10-29T09:20:45.425Z"}
{"level":"info","message":"Worker 11 online","label":"es/master.js","timestamp":"2017-10-29T09:20:45.621Z"}
{"level":"info","message":"Worker 9 online","label":"es/master.js","timestamp":"2017-10-29T09:20:45.622Z"}
{"level":"info","message":"Worker 10 online","label":"es/master.js","timestamp":"2017-10-29T09:20:45.629Z"}
{"level":"info","message":"Worker 12 online","label":"es/master.js","timestamp":"2017-10-29T09:20:45.640Z"}
{"level":"info","message":"\u001b[33mES ping Index \u001b[37m\"resultdb3\"\u001b[35m OK","label":"models/init.js","timestamp":"2017-10-29T09:21:01.282Z"}
{"level":"info","message":"Worker 1 online","label":"es/master.js","timestamp":"2017-10-29T09:21:01.431Z"}
{"level":"info","message":"Worker 4 online","label":"es/master.js","timestamp":"2017-10-29T09:21:01.436Z"}
{"level":"info","message":"Worker 3 online","label":"es/master.js","timestamp":"2017-10-29T09:21:01.446Z"}
{"level":"info","message":"Worker 2 online","label":"es/master.js","timestamp":"2017-10-29T09:21:01.455Z"}
{"level":"error","message":"Worker 4 died","label":"es/master.js","timestamp":"2017-10-29T09:21:01.805Z"}
{"level":"error","message":"Worker 3 died","label":"es/master.js","timestamp":"2017-10-29T09:21:01.810Z"}
{"level":"error","message":"Worker 1 died","label":"es/master.js","timestamp":"2017-10-29T09:21:01.836Z"}
{"level":"error","message":"Worker 2 died","label":"es/master.js","timestamp":"2017-10-29T09:21:01.851Z"}
{"level":"info","message":"Worker 6 online","label":"es/master.js","timestamp":"2017-10-29T09:21:02.056Z"}
{"level":"info","message":"Worker 7 online","label":"es/master.js","timestamp":"2017-10-29T09:21:02.064Z"}
{"level":"info","message":"Worker 8 online","label":"es/master.js","timestamp":"2017-10-29T09:21:02.077Z"}
{"level":"info","message":"Worker 5 online","label":"es/master.js","timestamp":"2017-10-29T09:21:02.081Z"}
{"level":"error","message":"Worker 8 died","label":"es/master.js","timestamp":"2017-10-29T09:21:02.439Z"}
{"level":"error","message":"Worker 5 died","label":"es/master.js","timestamp":"2017-10-29T09:21:02.445Z"}
{"level":"error","message":"Worker 6 died","label":"es/master.js","timestamp":"2017-10-29T09:21:02.450Z"}
{"level":"error","message":"Worker 7 died","label":"es/master.js","timestamp":"2017-10-29T09:21:02.464Z"}
{"level":"info","message":"Worker 9 online","label":"es/master.js","timestamp":"2017-10-29T09:21:02.654Z"}
{"level":"info","message":"Worker 10 online","label":"es/master.js","timestamp":"2017-10-29T09:21:02.664Z"}
{"level":"info","message":"Worker 11 online","label":"es/master.js","timestamp":"2017-10-29T09:21:02.680Z"}
{"level":"info","message":"Worker 12 online","label":"es/master.js","timestamp":"2017-10-29T09:21:02.687Z"}
{"level":"info","message":"\u001b[33mES ping Index \u001b[37m\"resultdb3\"\u001b[35m OK","label":"models/init.js","timestamp":"2017-10-29T09:27:13.005Z"}
{"level":"info","message":"Worker 2 online","label":"es/master.js","timestamp":"2017-10-29T09:27:13.168Z"}
{"level":"info","message":"Worker 1 online","label":"es/master.js","timestamp":"2017-10-29T09:27:13.172Z"}
{"level":"info","message":"Worker 3 online","label":"es/master.js","timestamp":"2017-10-29T09:27:13.188Z"}
{"level":"info","message":"Worker 4 online","label":"es/master.js","timestamp":"2017-10-29T09:27:13.659Z"}
{"level":"error","message":"Worker 2 died","label":"es/master.js","timestamp":"2017-10-29T09:27:13.932Z"}
{"level":"error","message":"Worker 1 died","label":"es/master.js","timestamp":"2017-10-29T09:27:13.936Z"}
{"level":"error","message":"Worker 3 died","label":"es/master.js","timestamp":"2017-10-29T09:27:13.941Z"}
{"level":"info","message":"Worker 6 online","label":"es/master.js","timestamp":"2017-10-29T09:27:14.150Z"}
{"level":"info","message":"Worker 5 online","label":"es/master.js","timestamp":"2017-10-29T09:27:14.161Z"}
{"level":"info","message":"Worker 7 online","label":"es/master.js","timestamp":"2017-10-29T09:27:14.173Z"}
{"level":"error","message":"Worker 4 died","label":"es/master.js","timestamp":"2017-10-29T09:27:14.507Z"}
{"level":"info","message":"Worker 8 online","label":"es/master.js","timestamp":"2017-10-29T09:27:14.720Z"}
{"level":"error","message":"Worker 5 died","label":"es/master.js","timestamp":"2017-10-29T09:27:14.820Z"}
{"level":"error","message":"Worker 6 died","label":"es/master.js","timestamp":"2017-10-29T09:27:14.838Z"}
{"level":"error","message":"Worker 7 died","label":"es/master.js","timestamp":"2017-10-29T09:27:14.891Z"}
{"level":"info","message":"\u001b[33mES ping Index \u001b[37m\"resultdb3\"\u001b[35m OK","label":"models/init.js","timestamp":"2017-10-29T09:27:27.942Z"}
{"level":"info","message":"Worker 4 online","label":"es/master.js","timestamp":"2017-10-29T09:27:28.070Z"}
{"level":"info","message":"Worker 2 online","label":"es/master.js","timestamp":"2017-10-29T09:27:28.071Z"}
{"level":"info","message":"Worker 1 online","label":"es/master.js","timestamp":"2017-10-29T09:27:28.078Z"}
{"level":"info","message":"Worker 3 online","label":"es/master.js","timestamp":"2017-10-29T09:27:28.079Z"}
{"level":"info","message":"\u001b[33mES ping Index \u001b[37m\"resultdb3\"\u001b[35m OK","label":"models/init.js","timestamp":"2017-10-29T09:27:28.832Z"}
{"level":"info","message":"\u001b[33mES ping Index \u001b[37m\"resultdb3\"\u001b[35m OK","label":"models/init.js","timestamp":"2017-10-29T09:27:28.879Z"}
{"level":"info","message":"\u001b[33mES ping Index \u001b[37m\"resultdb3\"\u001b[35m OK","label":"models/init.js","timestamp":"2017-10-29T09:27:28.887Z"}
{"level":"info","message":"\u001b[33mES ping Index \u001b[37m\"resultdb3\"\u001b[35m OK","label":"models/init.js","timestamp":"2017-10-29T09:27:28.903Z"}
{"level":"info","message":"\u001b[33mES ping Index \u001b[37m\"resultdb3\"\u001b[35m OK","label":"models/init.js","timestamp":"2017-10-29T09:27:57.275Z"}
{"level":"info","message":"Worker 3 online","label":"es/master.js","timestamp":"2017-10-29T09:27:57.403Z"}
{"level":"info","message":"Worker 2 online","label":"es/master.js","timestamp":"2017-10-29T09:27:57.412Z"}
{"level":"info","message":"Worker 4 online","label":"es/master.js","timestamp":"2017-10-29T09:27:57.422Z"}
{"level":"info","message":"Worker 1 online","label":"es/master.js","timestamp":"2017-10-29T09:27:57.432Z"}
{"level":"error","message":"Worker 2 died","label":"es/master.js","timestamp":"2017-10-29T09:27:57.791Z"}
{"level":"error","message":"Worker 3 died","label":"es/master.js","timestamp":"2017-10-29T09:27:57.797Z"}
{"level":"error","message":"Worker 1 died","label":"es/master.js","timestamp":"2017-10-29T09:27:57.802Z"}
{"level":"error","message":"Worker 4 died","label":"es/master.js","timestamp":"2017-10-29T09:27:57.813Z"}
{"level":"info","message":"Worker 5 online","label":"es/master.js","timestamp":"2017-10-29T09:27:58.033Z"}
{"level":"info","message":"Worker 7 online","label":"es/master.js","timestamp":"2017-10-29T09:27:58.047Z"}
{"level":"info","message":"Worker 8 online","label":"es/master.js","timestamp":"2017-10-29T09:27:58.052Z"}
{"level":"info","message":"Worker 6 online","label":"es/master.js","timestamp":"2017-10-29T09:27:58.069Z"}
{"level":"info","message":"Worker 1 online","label":"es/master.js","timestamp":"2017-10-29T09:28:19.232Z"}
{"level":"info","message":"Worker 3 online","label":"es/master.js","timestamp":"2017-10-29T09:28:19.257Z"}
{"level":"info","message":"Worker 2 online","label":"es/master.js","timestamp":"2017-10-29T09:28:19.286Z"}
{"level":"info","message":"\u001b[33mES ping Index \u001b[37m\"resultdb3\"\u001b[35m OK","label":"models/init.js","timestamp":"2017-10-29T09:28:19.268Z"}
{"level":"info","message":"Worker 4 online","label":"es/master.js","timestamp":"2017-10-29T09:28:19.287Z"}
{"level":"error","message":"Worker 1 died","label":"es/master.js","timestamp":"2017-10-29T09:28:19.651Z"}
{"level":"error","message":"Worker 3 died","label":"es/master.js","timestamp":"2017-10-29T09:28:19.659Z"}
{"level":"error","message":"Worker 2 died","label":"es/master.js","timestamp":"2017-10-29T09:28:19.671Z"}
{"level":"error","message":"Worker 4 died","label":"es/master.js","timestamp":"2017-10-29T09:28:19.690Z"}
{"level":"info","message":"Worker 6 online","label":"es/master.js","timestamp":"2017-10-29T09:28:19.896Z"}
{"level":"info","message":"Worker 5 online","label":"es/master.js","timestamp":"2017-10-29T09:28:19.904Z"}
{"level":"info","message":"Worker 7 online","label":"es/master.js","timestamp":"2017-10-29T09:28:19.916Z"}
{"level":"info","message":"Worker 8 online","label":"es/master.js","timestamp":"2017-10-29T09:28:19.930Z"}
{"level":"error","message":"Worker 6 died","label":"es/master.js","timestamp":"2017-10-29T09:28:20.270Z"}
{"level":"error","message":"Worker 5 died","label":"es/master.js","timestamp":"2017-10-29T09:28:20.274Z"}
{"level":"error","message":"Worker 7 died","label":"es/master.js","timestamp":"2017-10-29T09:28:20.284Z"}
{"level":"error","message":"Worker 8 died","label":"es/master.js","timestamp":"2017-10-29T09:28:20.321Z"}
{"level":"info","message":"Worker 11 online","label":"es/master.js","timestamp":"2017-10-29T09:28:20.498Z"}
{"level":"info","message":"Worker 9 online","label":"es/master.js","timestamp":"2017-10-29T09:28:20.507Z"}
{"level":"info","message":"Worker 10 online","label":"es/master.js","timestamp":"2017-10-29T09:28:20.508Z"}
{"level":"info","message":"Worker 12 online","label":"es/master.js","timestamp":"2017-10-29T09:28:20.532Z"}
{"level":"error","message":"Worker 10 died","label":"es/master.js","timestamp":"2017-10-29T09:28:20.880Z"}
{"level":"error","message":"Worker 11 died","label":"es/master.js","timestamp":"2017-10-29T09:28:20.885Z"}
{"level":"error","message":"Worker 9 died","label":"es/master.js","timestamp":"2017-10-29T09:28:20.894Z"}
{"level":"error","message":"Worker 12 died","label":"es/master.js","timestamp":"2017-10-29T09:28:20.943Z"}
{"level":"info","message":"\u001b[33mES ping Index \u001b[37m\"resultdb3\"\u001b[35m OK","label":"models/init.js","timestamp":"2017-10-29T09:28:35.116Z"}
{"level":"info","message":"Worker 3 online","label":"es/master.js","timestamp":"2017-10-29T09:28:35.256Z"}
{"level":"info","message":"Worker 1 online","label":"es/master.js","timestamp":"2017-10-29T09:28:35.261Z"}
{"level":"info","message":"Worker 2 online","label":"es/master.js","timestamp":"2017-10-29T09:28:35.275Z"}
{"level":"info","message":"Worker 4 online","label":"es/master.js","timestamp":"2017-10-29T09:28:35.283Z"}
{"level":"error","message":"Worker 3 died","label":"es/master.js","timestamp":"2017-10-29T09:28:35.650Z"}
{"level":"error","message":"Worker 2 died","label":"es/master.js","timestamp":"2017-10-29T09:28:35.656Z"}
{"level":"error","message":"Worker 1 died","label":"es/master.js","timestamp":"2017-10-29T09:28:35.661Z"}
{"level":"error","message":"Worker 4 died","label":"es/master.js","timestamp":"2017-10-29T09:28:35.665Z"}
{"level":"info","message":"Worker 5 online","label":"es/master.js","timestamp":"2017-10-29T09:28:35.861Z"}
{"level":"info","message":"Worker 6 online","label":"es/master.js","timestamp":"2017-10-29T09:28:35.872Z"}
{"level":"info","message":"Worker 7 online","label":"es/master.js","timestamp":"2017-10-29T09:28:35.881Z"}
{"level":"info","message":"Worker 8 online","label":"es/master.js","timestamp":"2017-10-29T09:28:35.891Z"}
{"level":"error","message":"Worker 5 died","label":"es/master.js","timestamp":"2017-10-29T09:28:36.233Z"}
{"level":"error","message":"Worker 6 died","label":"es/master.js","timestamp":"2017-10-29T09:28:36.241Z"}
{"level":"info","message":"\u001b[33mES ping Index \u001b[37m\"resultdb3\"\u001b[35m OK","label":"models/init.js","timestamp":"2017-10-29T09:29:01.256Z"}
{"level":"info","message":"Worker 4 online","label":"es/master.js","timestamp":"2017-10-29T09:29:01.317Z"}
{"level":"info","message":"Worker 1 online","label":"es/master.js","timestamp":"2017-10-29T09:29:01.326Z"}
{"level":"info","message":"Worker 2 online","label":"es/master.js","timestamp":"2017-10-29T09:29:01.338Z"}
{"level":"info","message":"Worker 3 online","label":"es/master.js","timestamp":"2017-10-29T09:29:01.344Z"}
{"level":"error","message":"Worker 4 died","label":"es/master.js","timestamp":"2017-10-29T09:29:01.744Z"}
{"level":"error","message":"Worker 3 died","label":"es/master.js","timestamp":"2017-10-29T09:29:01.749Z"}
{"level":"error","message":"Worker 1 died","label":"es/master.js","timestamp":"2017-10-29T09:29:01.754Z"}
{"level":"error","message":"Worker 2 died","label":"es/master.js","timestamp":"2017-10-29T09:29:01.758Z"}
{"level":"info","message":"Worker 6 online","label":"es/master.js","timestamp":"2017-10-29T09:29:01.955Z"}
{"level":"info","message":"Worker 8 online","label":"es/master.js","timestamp":"2017-10-29T09:29:01.972Z"}
{"level":"info","message":"Worker 7 online","label":"es/master.js","timestamp":"2017-10-29T09:29:01.981Z"}
{"level":"info","message":"Worker 5 online","label":"es/master.js","timestamp":"2017-10-29T09:29:01.992Z"}
{"level":"error","message":"Worker 7 died","label":"es/master.js","timestamp":"2017-10-29T09:29:02.352Z"}
{"level":"error","message":"Worker 5 died","label":"es/master.js","timestamp":"2017-10-29T09:29:02.359Z"}
{"level":"error","message":"Worker 8 died","label":"es/master.js","timestamp":"2017-10-29T09:29:02.369Z"}
{"level":"info","message":"Worker 1 online","label":"es/master.js","timestamp":"2017-10-29T09:29:33.017Z"}
{"level":"info","message":"Worker 3 online","label":"es/master.js","timestamp":"2017-10-29T09:29:33.041Z"}
{"level":"info","message":"\u001b[33mES ping Index \u001b[37m\"resultdb3\"\u001b[35m OK","label":"models/init.js","timestamp":"2017-10-29T09:29:33.036Z"}
{"level":"info","message":"Worker 2 online","label":"es/master.js","timestamp":"2017-10-29T09:29:33.050Z"}
{"level":"info","message":"Worker 4 online","label":"es/master.js","timestamp":"2017-10-29T09:29:33.067Z"}
{"level":"error","message":"Worker 1 died","label":"es/master.js","timestamp":"2017-10-29T09:29:33.439Z"}
{"level":"error","message":"Worker 3 died","label":"es/master.js","timestamp":"2017-10-29T09:29:33.450Z"}
{"level":"error","message":"Worker 2 died","label":"es/master.js","timestamp":"2017-10-29T09:29:33.467Z"}
{"level":"error","message":"Worker 4 died","label":"es/master.js","timestamp":"2017-10-29T09:29:33.480Z"}
{"level":"info","message":"Worker 5 online","label":"es/master.js","timestamp":"2017-10-29T09:29:33.679Z"}
{"level":"info","message":"Worker 7 online","label":"es/master.js","timestamp":"2017-10-29T09:29:33.703Z"}
{"level":"info","message":"Worker 6 online","label":"es/master.js","timestamp":"2017-10-29T09:29:33.704Z"}
{"level":"info","message":"Worker 8 online","label":"es/master.js","timestamp":"2017-10-29T09:29:33.738Z"}
{"level":"error","message":"Worker 5 died","label":"es/master.js","timestamp":"2017-10-29T09:29:34.053Z"}
{"level":"error","message":"Worker 7 died","label":"es/master.js","timestamp":"2017-10-29T09:29:34.080Z"}
{"level":"error","message":"Worker 6 died","label":"es/master.js","timestamp":"2017-10-29T09:29:34.084Z"}
{"level":"info","message":"\u001b[33mES ping Index \u001b[37m\"resultdb3\"\u001b[35m OK","label":"models/init.js","timestamp":"2017-10-29T09:29:58.773Z"}
{"level":"info","message":"Worker 4 online","label":"es/master.js","timestamp":"2017-10-29T09:29:58.942Z"}
{"level":"info","message":"Worker 3 online","label":"es/master.js","timestamp":"2017-10-29T09:29:58.955Z"}
{"level":"info","message":"Worker 2 online","label":"es/master.js","timestamp":"2017-10-29T09:29:58.958Z"}
{"level":"info","message":"Worker 1 online","label":"es/master.js","timestamp":"2017-10-29T09:29:58.969Z"}
{"level":"error","message":"Worker 2 died","label":"es/master.js","timestamp":"2017-10-29T09:29:59.348Z"}
{"level":"error","message":"Worker 4 died","label":"es/master.js","timestamp":"2017-10-29T09:29:59.353Z"}
{"level":"error","message":"Worker 1 died","label":"es/master.js","timestamp":"2017-10-29T09:29:59.357Z"}
{"level":"error","message":"Worker 3 died","label":"es/master.js","timestamp":"2017-10-29T09:29:59.362Z"}
{"level":"info","message":"Worker 5 online","label":"es/master.js","timestamp":"2017-10-29T09:29:59.576Z"}
{"level":"info","message":"Worker 8 online","label":"es/master.js","timestamp":"2017-10-29T09:29:59.596Z"}
{"level":"info","message":"Worker 6 online","label":"es/master.js","timestamp":"2017-10-29T09:29:59.601Z"}
{"level":"info","message":"Worker 7 online","label":"es/master.js","timestamp":"2017-10-29T09:29:59.601Z"}
{"level":"error","message":"Worker 5 died","label":"es/master.js","timestamp":"2017-10-29T09:29:59.953Z"}
{"level":"error","message":"Worker 7 died","label":"es/master.js","timestamp":"2017-10-29T09:29:59.974Z"}
{"level":"error","message":"Worker 8 died","label":"es/master.js","timestamp":"2017-10-29T09:29:59.980Z"}
{"level":"error","message":"Worker 6 died","label":"es/master.js","timestamp":"2017-10-29T09:29:59.987Z"}
{"level":"info","message":"\u001b[33mES ping Index \u001b[37m\"resultdb3\"\u001b[35m OK","label":"models/init.js","timestamp":"2017-10-29T09:30:38.598Z"}
{"level":"info","message":"Worker 1 online","label":"es/master.js","timestamp":"2017-10-29T09:30:38.718Z"}
{"level":"info","message":"Worker 2 online","label":"es/master.js","timestamp":"2017-10-29T09:30:38.739Z"}
{"level":"info","message":"Worker 3 online","label":"es/master.js","timestamp":"2017-10-29T09:30:38.747Z"}
{"level":"info","message":"Worker 4 online","label":"es/master.js","timestamp":"2017-10-29T09:30:38.750Z"}
{"level":"error","message":"Worker 1 died","label":"es/master.js","timestamp":"2017-10-29T09:30:39.459Z"}
{"level":"error","message":"Worker 2 died","label":"es/master.js","timestamp":"2017-10-29T09:30:39.462Z"}
{"level":"error","message":"Worker 3 died","label":"es/master.js","timestamp":"2017-10-29T09:30:39.465Z"}
{"level":"error","message":"Worker 4 died","label":"es/master.js","timestamp":"2017-10-29T09:30:39.470Z"}
{"level":"info","message":"Worker 5 online","label":"es/master.js","timestamp":"2017-10-29T09:30:39.669Z"}
{"level":"info","message":"Worker 6 online","label":"es/master.js","timestamp":"2017-10-29T09:30:39.680Z"}
{"level":"info","message":"Worker 7 online","label":"es/master.js","timestamp":"2017-10-29T09:30:39.693Z"}
{"level":"info","message":"Worker 8 online","label":"es/master.js","timestamp":"2017-10-29T09:30:39.696Z"}
{"level":"info","message":"\u001b[33mES ping Index \u001b[37m\"resultdb3\"\u001b[35m OK","label":"models/init.js","timestamp":"2017-10-29T09:33:10.601Z"}
{"level":"info","message":"Worker 1 online","label":"es/master.js","timestamp":"2017-10-29T09:33:10.763Z"}
{"level":"info","message":"Worker 2 online","label":"es/master.js","timestamp":"2017-10-29T09:33:10.777Z"}
{"level":"info","message":"Worker 3 online","label":"es/master.js","timestamp":"2017-10-29T09:33:10.789Z"}
{"level":"info","message":"Worker 4 online","label":"es/master.js","timestamp":"2017-10-29T09:33:10.794Z"}
{"level":"info","message":"\u001b[33mES ping Index \u001b[37m\"resultdb3\"\u001b[35m OK","label":"models/init.js","timestamp":"2017-10-29T09:33:11.577Z"}
{"level":"info","message":"\u001b[33mES ping Index \u001b[37m\"resultdb3\"\u001b[35m OK","label":"models/init.js","timestamp":"2017-10-29T09:33:11.566Z"}
{"level":"info","message":"\u001b[33mES ping Index \u001b[37m\"resultdb3\"\u001b[35m OK","label":"models/init.js","timestamp":"2017-10-29T09:33:11.583Z"}
{"level":"info","message":"\u001b[33mES ping Index \u001b[37m\"resultdb3\"\u001b[35m OK","label":"models/init.js","timestamp":"2017-10-29T09:33:11.585Z"}
{"level":"info","message":"\u001b[33mES ping Index \u001b[37m\"resultdb3\"\u001b[35m OK","label":"models/init.js","timestamp":"2017-10-29T09:33:25.627Z"}
{"level":"info","message":"Worker 3 online","label":"es/master.js","timestamp":"2017-10-29T09:33:25.779Z"}
{"level":"info","message":"Worker 1 online","label":"es/master.js","timestamp":"2017-10-29T09:33:25.788Z"}
{"level":"info","message":"Worker 2 online","label":"es/master.js","timestamp":"2017-10-29T09:33:25.793Z"}
{"level":"info","message":"Worker 4 online","label":"es/master.js","timestamp":"2017-10-29T09:33:25.803Z"}
{"level":"info","message":"\u001b[33mES ping Index \u001b[37m\"resultdb3\"\u001b[35m OK","label":"models/init.js","timestamp":"2017-10-29T09:33:26.970Z"}
{"level":"info","message":"\u001b[33mES ping Index \u001b[37m\"resultdb3\"\u001b[35m OK","label":"models/init.js","timestamp":"2017-10-29T09:33:27.025Z"}
{"level":"info","message":"\u001b[33mES ping Index \u001b[37m\"resultdb3\"\u001b[35m OK","label":"models/init.js","timestamp":"2017-10-29T09:33:27.056Z"}
{"level":"info","message":"\u001b[33mES ping Index \u001b[37m\"resultdb3\"\u001b[35m OK","label":"models/init.js","timestamp":"2017-10-29T09:33:27.128Z"}
{"level":"info","message":"Hits count 1","label":"models/es_search.js","timestamp":"2017-10-29T09:33:27.542Z"}
